{"/home/gifu/tty/soft_test/src/add.js": {"path":"/home/gifu/tty/soft_test/src/add.js","statementMap":{"0":{"start":{"line":16,"column":12},"end":{"line":16,"column":71}},"1":{"start":{"line":16,"column":52},"end":{"line":16,"column":67}}},"fnMap":{"0":{"name":"(anonymous_0)","decl":{"start":{"line":16,"column":32},"end":{"line":16,"column":33}},"loc":{"start":{"line":16,"column":52},"end":{"line":16,"column":67}},"line":16}},"branchMap":{},"s":{"0":0,"1":0},"f":{"0":0},"b":{},"inputSourceMap":null}
,"/home/gifu/tty/soft_test/src/camelCase.js": {"path":"/home/gifu/tty/soft_test/src/camelCase.js","statementMap":{"0":{"start":{"line":24,"column":18},"end":{"line":29,"column":1}},"1":{"start":{"line":25,"column":2},"end":{"line":28,"column":9}},"2":{"start":{"line":26,"column":4},"end":{"line":26,"column":29}},"3":{"start":{"line":27,"column":4},"end":{"line":27,"column":53}}},"fnMap":{"0":{"name":"(anonymous_0)","decl":{"start":{"line":24,"column":18},"end":{"line":24,"column":19}},"loc":{"start":{"line":25,"column":2},"end":{"line":28,"column":9}},"line":25},"1":{"name":"(anonymous_1)","decl":{"start":{"line":25,"column":59},"end":{"line":25,"column":60}},"loc":{"start":{"line":25,"column":84},"end":{"line":28,"column":3}},"line":25}},"branchMap":{"0":{"loc":{"start":{"line":27,"column":21},"end":{"line":27,"column":52}},"type":"cond-expr","locations":[{"start":{"line":27,"column":29},"end":{"line":27,"column":45}},{"start":{"line":27,"column":48},"end":{"line":27,"column":52}}],"line":27}},"s":{"0":0,"1":0,"2":0,"3":0},"f":{"0":0,"1":0},"b":{"0":[0,0]},"inputSourceMap":null}
}
